<?xml version="1.0" encoding="UTF-8"?>
<testsuite xmlns:xsi="http://www.w3.org/2001/XMLSchema-instance" xsi:noNamespaceSchemaLocation="https://maven.apache.org/surefire/maven-surefire-plugin/xsd/surefire-test-report.xsd" name="com.accolite.au.AppTest" time="0.092" tests="1" errors="0" skipped="0" failures="0">
  <properties>
    <property name="sun.desktop" value="windows"/>
    <property name="awt.toolkit" value="sun.awt.windows.WToolkit"/>
    <property name="file.encoding.pkg" value="sun.io"/>
    <property name="java.specification.version" value="1.8"/>
    <property name="sun.cpu.isalist" value="amd64"/>
    <property name="sun.jnu.encoding" value="Cp1252"/>
    <property name="java.class.path" value="K:\accolite\AccoliteGit\SAU-2021-Jan-Batch-Hyderabad\Maven Web App - Afternoon\aumaven-session\target\test-classes;K:\accolite\AccoliteGit\SAU-2021-Jan-Batch-Hyderabad\Maven Web App - Afternoon\aumaven-session\target\classes;C:\Users\chelvankn\.m2\repository\junit\junit\4.11\junit-4.11.jar;C:\Users\chelvankn\.m2\repository\org\hamcrest\hamcrest-core\1.3\hamcrest-core-1.3.jar;"/>
    <property name="java.vm.vendor" value="Oracle Corporation"/>
    <property name="sun.arch.data.model" value="64"/>
    <property name="user.variant" value=""/>
    <property name="java.vendor.url" value="http://java.oracle.com/"/>
    <property name="user.timezone" value="Asia/Calcutta"/>
    <property name="java.vm.specification.version" value="1.8"/>
    <property name="os.name" value="Windows 10"/>
    <property name="user.country" value="IN"/>
    <property name="sun.java.launcher" value="SUN_STANDARD"/>
    <property name="sun.boot.library.path" value="C:\Program Files\Java\jdk1.8.0_231\jre\bin"/>
    <property name="sun.java.command" value="C:\Users\CHELVA~1\AppData\Local\Temp\surefire8855667440293243321\surefirebooter969291988902431290.jar C:\Users\chelvankn\AppData\Local\Temp\surefire8855667440293243321 2021-01-19T20-29-09_019-jvmRun1 surefire6536614082979941295tmp surefire_06530708418534722989tmp"/>
    <property name="surefire.test.class.path" value="K:\accolite\AccoliteGit\SAU-2021-Jan-Batch-Hyderabad\Maven Web App - Afternoon\aumaven-session\target\test-classes;K:\accolite\AccoliteGit\SAU-2021-Jan-Batch-Hyderabad\Maven Web App - Afternoon\aumaven-session\target\classes;C:\Users\chelvankn\.m2\repository\junit\junit\4.11\junit-4.11.jar;C:\Users\chelvankn\.m2\repository\org\hamcrest\hamcrest-core\1.3\hamcrest-core-1.3.jar;"/>
    <property name="sun.cpu.endian" value="little"/>
    <property name="user.home" value="C:\Users\chelvankn"/>
    <property name="user.language" value="en"/>
    <property name="java.specification.vendor" value="Oracle Corporation"/>
    <property name="java.home" value="C:\Program Files\Java\jdk1.8.0_231\jre"/>
    <property name="basedir" value="K:\accolite\AccoliteGit\SAU-2021-Jan-Batch-Hyderabad\Maven Web App - Afternoon\aumaven-session"/>
    <property name="file.separator" value="\"/>
    <property name="line.separator" value="&#10;"/>
    <property name="java.vm.specification.vendor" value="Oracle Corporation"/>
    <property name="java.specification.name" value="Java Platform API Specification"/>
    <property name="java.awt.graphicsenv" value="sun.awt.Win32GraphicsEnvironment"/>
    <property name="surefire.real.class.path" value="C:\Users\CHELVA~1\AppData\Local\Temp\surefire8855667440293243321\surefirebooter969291988902431290.jar"/>
    <property name="sun.boot.class.path" value="C:\Program Files\Java\jdk1.8.0_231\jre\lib\resources.jar;C:\Program Files\Java\jdk1.8.0_231\jre\lib\rt.jar;C:\Program Files\Java\jdk1.8.0_231\jre\lib\sunrsasign.jar;C:\Program Files\Java\jdk1.8.0_231\jre\lib\jsse.jar;C:\Program Files\Java\jdk1.8.0_231\jre\lib\jce.jar;C:\Program Files\Java\jdk1.8.0_231\jre\lib\charsets.jar;C:\Program Files\Java\jdk1.8.0_231\jre\lib\jfr.jar;C:\Program Files\Java\jdk1.8.0_231\jre\classes"/>
    <property name="user.script" value=""/>
    <property name="sun.management.compiler" value="HotSpot 64-Bit Tiered Compilers"/>
    <property name="java.runtime.version" value="1.8.0_231-b11"/>
    <property name="user.name" value="chelvankn"/>
    <property name="path.separator" value=";"/>
    <property name="os.version" value="10.0"/>
    <property name="java.endorsed.dirs" value="C:\Program Files\Java\jdk1.8.0_231\jre\lib\endorsed"/>
    <property name="java.runtime.name" value="Java(TM) SE Runtime Environment"/>
    <property name="file.encoding" value="Cp1252"/>
    <property name="java.vm.name" value="Java HotSpot(TM) 64-Bit Server VM"/>
    <property name="localRepository" value="C:\Users\chelvankn\.m2\repository"/>
    <property name="java.vendor.url.bug" value="http://bugreport.sun.com/bugreport/"/>
    <property name="java.io.tmpdir" value="C:\Users\CHELVA~1\AppData\Local\Temp\"/>
    <property name="java.version" value="1.8.0_231"/>
    <property name="user.dir" value="K:\accolite\AccoliteGit\SAU-2021-Jan-Batch-Hyderabad\Maven Web App - Afternoon\aumaven-session"/>
    <property name="os.arch" value="amd64"/>
    <property name="java.vm.specification.name" value="Java Virtual Machine Specification"/>
    <property name="java.awt.printerjob" value="sun.awt.windows.WPrinterJob"/>
    <property name="sun.os.patch.level" value=""/>
    <property name="java.library.path" value="C:\Program Files\Java\jdk1.8.0_231\jre\bin;C:\WINDOWS\Sun\Java\bin;C:\WINDOWS\system32;C:\WINDOWS;C:\ProgramData\Anaconda3\condabin;c:\mingw\bin;c:\mingw\libexec\gcc\x86_64-w64-mingw32\8.3.0;C:\Program Files (x86)\Common Files\Oracle\Java\javapath;C:\Windows\system32;C:\Windows;C:\Windows\System32\Wbem;C:\Windows\System32\WindowsPowerShell\v1.0\;C:\Windows\System32\OpenSSH\;C:\Program Files\PostgreSQL\11\bin;K:\xampp\mysql\bin;C:\Program Files (x86)\NVIDIA Corporation\PhysX\Common;C:\Program Files\NVIDIA Corporation\NVIDIA NvDLISR;C:\WINDOWS\system32;C:\WINDOWS;C:\WINDOWS\System32\Wbem;C:\WINDOWS\System32\WindowsPowerShell\v1.0\;C:\WINDOWS\System32\OpenSSH\;C:\Users\chelvankn\flutter\bin;C:\Program Files\cockroach-v19.2.2.windows-6.2-amd64;C:\Program Files\Java\jdk1.8.0_231\bin;C:\Program Files\Java\jdk1.8.0_231;C:\Program Files\Amazon\AWSCLIV2\;C:\Program Files\nodejs\;C:\Program Files\Git\cmd;C:\Users\chelvankn\AppData\Local\Android\Sdk\tools;C:\Users\chelvankn\AppData\Local\Android\Sdk\platform-tools;C:\Users\chelvankn\AppData\Local\Android\Sdk\build-tools;C:\Users\chelvankn\AppData\Local\Android\Sdk;C:\Maven\apache-maven-3.6.3\bin;C:\Program Files\MySQL\MySQL Shell 8.0\bin\;C:\Users\chelvankn\AppData\Local\Programs\Python\Python38-32\Scripts\;C:\Users\chelvankn\AppData\Local\Programs\Python\Python38-32\;C:\Users\chelvankn\AppData\Local\Programs\Python\Python37-32\Scripts\;C:\Users\chelvankn\AppData\Local\Programs\Python\Python37-32\;C:\Users\chelvankn\AppData\Local\Microsoft\WindowsApps;C:\Program Files (x86)\Nmap;C:\Program Files\PostgreSQL\11\bin;K:\xampp\mysql\bin;C:\Users\chelvankn\AppData\Local\Programs\Microsoft VS Code\bin;N:\Software\pig and hive\hadoop-3.2.1\bin;N:\Software\pig and hive\hadoop-3.2.1\sbin;C:\Users\chelvankn\flutter\bin;C:\app\chelvankn\product\18.0.0\dbhomeXE\network\admin;C:\Program Files\cockroach-v19.2.2.windows-6.2-amd64;C:\Program Files\Java\jdk1.8.0_231\bin;C:\Program Files\Java\jdk1.8.0_231;C:\MinGW\bin;C:\Program Files\JetBrains\IntelliJ IDEA Educational Edition 2020.3\bin;;C:\Users\chelvankn\AppData\Roaming\npm;C:\Users\chelvankn\AppData\Local\Android\Sdk\tools;C:\Users\chelvankn\AppData\Local\Android\Sdk\platform-tools;C:\Users\chelvankn\AppData\Local\Android\Sdk\build-tools;C:\Users\chelvankn\AppData\Local\Android\Sdk;C:\Maven\apache-maven-3.6.3;;."/>
    <property name="java.vm.info" value="mixed mode"/>
    <property name="java.vendor" value="Oracle Corporation"/>
    <property name="java.vm.version" value="25.231-b11"/>
    <property name="java.ext.dirs" value="C:\Program Files\Java\jdk1.8.0_231\jre\lib\ext;C:\WINDOWS\Sun\Java\lib\ext"/>
    <property name="sun.io.unicode.encoding" value="UnicodeLittle"/>
    <property name="java.class.version" value="52.0"/>
  </properties>
  <testcase name="shouldAnswerWithTrue" classname="com.accolite.au.AppTest" time="0.004"/>
</testsuite>